2025-05-04 15:07:45,456 - trendspy_api - INFO - Starting TrendsPy API v1.0.0
2025-05-04 15:07:45,457 - trendspy_api - INFO - API startup complete
2025-05-04 15:07:49,367 - trendspy_api - INFO - Shutting down API
2025-05-04 15:07:50,216 - trendspy_api - INFO - Starting TrendsPy API v1.0.0
2025-05-04 15:07:50,216 - trendspy_api - INFO - API startup complete
2025-05-04 15:09:00,057 - trendspy_api - INFO - Shutting down API
2025-05-05 04:51:39,217 - trendspy_api - INFO - Starting TrendsPy API v0.0.1
2025-05-05 04:51:39,217 - trendspy_api - INFO - API startup complete
2025-05-05 05:03:03,648 - trendspy_api - INFO - Shutting down API
2025-05-05 11:06:30,105 - trendspy_api - INFO - Starting TrendsPy API v0.0.1
2025-05-05 11:06:30,106 - trendspy_api - INFO - API startup complete
2025-05-05 11:07:02,144 - trendspy_api - ERROR - related_topics_v1 failed
Traceback (most recent call last):
  File "/home/trending/main.py", line 516, in related_topics_v1
    result = tr.related_topics(keyword)
             ^^^^^^^^^^^^^^^^^^^^^^^^^^
  File "/usr/local/lib/python3.11/site-packages/trendspy/client.py", line 444, in related_topics
    token, data = self._get_token_data(EMBED_TOPICS_URL, locals(), headers=headers, raise_quota_error=True)
                  ^^^^^^^^^^^^^^^^^^^^^^^^^^^^^^^^^^^^^^^^^^^^^^^^^^^^^^^^^^^^^^^^^^^^^^^^^^^^^^^^^^^^^^^^^
  File "/usr/local/lib/python3.11/site-packages/trendspy/client.py", line 309, in _get_token_data
    raise TrendsQuotaExceededError()
trendspy.client.TrendsQuotaExceededError: API quota exceeded for related queries/topics. To resolve this, you can try:
1. Use a different referer in request headers:
   tr.related_queries(keyword, headers={'referer': 'https://www.google.com/'})
2. Use a different IP address by configuring a proxy:
   tr.set_proxy('http://proxy:port')
   # or
   tr = Trends(proxy={'http': 'http://proxy:port', 'https': 'https://proxy:port'})
3. Wait before making additional requests
2025-05-05 11:07:27,428 - trendspy_api - ERROR - related_queries_v1 failed
Traceback (most recent call last):
  File "/home/trending/main.py", line 490, in related_queries_v1
    result = tr.related_queries(keyword)
             ^^^^^^^^^^^^^^^^^^^^^^^^^^^
  File "/usr/local/lib/python3.11/site-packages/trendspy/client.py", line 413, in related_queries
    token, data = self._get_token_data(EMBED_QUERIES_URL, locals(), headers=headers, raise_quota_error=True)
                  ^^^^^^^^^^^^^^^^^^^^^^^^^^^^^^^^^^^^^^^^^^^^^^^^^^^^^^^^^^^^^^^^^^^^^^^^^^^^^^^^^^^^^^^^^^
  File "/usr/local/lib/python3.11/site-packages/trendspy/client.py", line 309, in _get_token_data
    raise TrendsQuotaExceededError()
trendspy.client.TrendsQuotaExceededError: API quota exceeded for related queries/topics. To resolve this, you can try:
1. Use a different referer in request headers:
   tr.related_queries(keyword, headers={'referer': 'https://www.google.com/'})
2. Use a different IP address by configuring a proxy:
   tr.set_proxy('http://proxy:port')
   # or
   tr = Trends(proxy={'http': 'http://proxy:port', 'https': 'https://proxy:port'})
3. Wait before making additional requests
2025-05-05 11:47:13,423 - trendspy_api - INFO - Shutting down API
2025-05-05 14:10:48,810 - trendspy_api - INFO - Starting TrendsPy API v0.0.1
2025-05-05 14:10:48,811 - trendspy_api - INFO - API startup complete
2025-05-05 14:49:15,835 - trendspy_api - INFO - Shutting down API
2025-05-06 06:12:36,113 - trendspy_api - INFO - Starting TrendsPy API v0.0.1
2025-05-06 06:12:36,114 - trendspy_api - INFO - API startup complete
2025-05-06 06:55:58,999 - trendspy_api - INFO - Shutting down API
2025-05-08 08:00:20,162 - trendspy_api - INFO - Starting TrendsPy API v0.0.1
2025-05-08 08:00:20,163 - trendspy_api - INFO - API startup complete
2025-05-08 08:01:27,416 - trendspy_api - INFO - Shutting down API
2025-05-09 20:12:11,765 - trendspy_api - INFO - Starting TrendsPy API v0.0.1
2025-05-09 20:12:11,767 - trendspy_api - INFO - API startup complete
2025-05-10 16:16:32,349 - trendspy_api - INFO - Shutting down API
2025-05-16 05:58:51,647 - trendspy_api - INFO - Starting TrendsPy API v0.0.1
2025-05-16 05:58:51,648 - trendspy_api - INFO - API startup complete
2025-05-16 06:02:47,590 - trendspy_api - INFO - Shutting down API
2025-05-16 06:42:27,638 - trendspy_api - INFO - Starting TrendsPy API v0.0.1
2025-05-16 06:42:27,639 - trendspy_api - INFO - API startup complete
2025-05-16 07:08:04,676 - trendspy_api - INFO - Shutting down API
2025-05-16 07:08:05,760 - trendspy_api - INFO - Starting TrendsPy API v0.0.1
2025-05-16 07:08:05,761 - trendspy_api - INFO - API startup complete
2025-05-16 07:08:15,989 - trendspy_api - INFO - Shutting down API
2025-05-16 07:08:16,971 - trendspy_api - INFO - Starting TrendsPy API v0.0.1
2025-05-16 07:08:16,972 - trendspy_api - INFO - API startup complete
2025-05-16 07:08:23,289 - trendspy_api - INFO - Shutting down API
2025-05-16 07:08:24,313 - trendspy_api - INFO - Starting TrendsPy API v0.0.1
2025-05-16 07:08:24,313 - trendspy_api - INFO - API startup complete
2025-05-16 07:09:20,762 - trendspy_api - INFO - Shutting down API
2025-05-16 07:09:21,734 - trendspy_api - INFO - Starting TrendsPy API v0.0.1
2025-05-16 07:09:21,735 - trendspy_api - INFO - API startup complete
2025-05-16 07:09:26,048 - trendspy_api - INFO - Shutting down API
2025-05-16 07:09:26,982 - trendspy_api - INFO - Starting TrendsPy API v0.0.1
2025-05-16 07:09:26,983 - trendspy_api - INFO - API startup complete
2025-05-16 07:35:26,523 - trendspy_api - INFO - Shutting down API
2025-05-16 07:35:27,552 - trendspy_api - INFO - Starting TrendsPy API v0.0.1
2025-05-16 07:35:27,553 - trendspy_api - INFO - API startup complete
2025-05-16 07:35:43,394 - trendspy_api - INFO - Shutting down API
2025-05-16 07:35:44,307 - trendspy_api - INFO - Starting TrendsPy API v0.0.1
2025-05-16 07:35:44,307 - trendspy_api - INFO - API startup complete
2025-05-16 07:36:49,469 - trendspy_api - INFO - Shutting down API
2025-05-16 07:43:14,151 - scraper_service - ERROR - spaCy model 'en_core_web_md' not found. Please install it using: python -m spacy download en_core_web_md
2025-05-17 06:35:43,552 - trendspy_api - INFO - Starting TrendsPy API v0.0.1
2025-05-17 06:35:43,553 - trendspy_api - INFO - API startup complete
2025-05-17 06:38:26,877 - trendspy_api - INFO - Shutting down API
2025-05-17 06:38:42,971 - trendspy_api - INFO - Starting TrendsPy API v0.0.1
2025-05-17 06:38:42,972 - trendspy_api - INFO - API startup complete
2025-05-17 06:39:35,130 - trendspy_api - INFO - Shutting down API
2025-05-17 06:53:52,547 - trendspy_api - INFO - Starting TrendsPy API v0.0.1
2025-05-17 06:53:52,561 - trendspy_api - INFO - API startup complete
2025-05-17 06:58:31,426 - scraper_service - WARNING - No valid items were enriched
2025-05-17 06:58:31,427 - scraper_service - INFO - Cleaned up temporary file: /home/trending/reddit/dragnea_17052025_065831.json
2025-05-17 06:59:47,634 - trendspy_api - INFO - Shutting down API
