Post(id=a2v2VNE, text=Men's health, publishedAt=2025-05-17T04:13:25Z, statistics=PostStatistics(likes=293, reposts=null, comments=26, views=null), media=[Image(url=https://img-9gag-fun.9cache.com/photo/a2v2VNE_460s.jpg, aspectRatio=0.5630354957160343)])
Post(id=a4P289w, text=Papers of the dead, publishedAt=2025-05-17T04:43:30Z, statistics=PostStatistics(likes=128, reposts=null, comments=9, views=null), media=[Image(url=https://img-9gag-fun.9cache.com/photo/a4P289w_460s.jpg, aspectRatio=1.074766355140187)])
Post(id=azxRzbq, text=Thats the way it ends, publishedAt=2025-05-17T04:18:31Z, statistics=PostStatistics(likes=214, reposts=null, comments=2, views=null), media=[Image(url=https://img-9gag-fun.9cache.com/photo/azxRzbq_460s.jpg, aspectRatio=1.0430839002267573)])
Post(id=ae9mEpB, text=My ex- wife is about to sell the house 30% under market value for quick cash. This is why it's important to understand one's own finances, publishedAt=2025-05-17T05:37:27Z, statistics=PostStatistics(likes=116, reposts=null, comments=11, views=null), media=[Image(url=https://img-9gag-fun.9cache.com/photo/ae9mEpB_460s.jpg, aspectRatio=1.0)])
Post(id=a1m285R, text="Accidently", publishedAt=2025-05-16T21:11:43Z, statistics=PostStatistics(likes=366, reposts=null, comments=23, views=null), media=[Image(url=https://img-9gag-fun.9cache.com/photo/a1m285R_460s.jpg, aspectRatio=1.0952380952380953)])
Post(id=a0e1D3z, text=I'll teach them, publishedAt=2025-05-17T01:05:23Z, statistics=PostStatistics(likes=179, reposts=null, comments=2, views=null), media=[Image(url=https://img-9gag-fun.9cache.com/photo/a0e1D3z_460s.jpg, aspectRatio=1.0)])
Post(id=a4P2ByQ, text=Blah blah blah..., publishedAt=2025-05-17T00:27:11Z, statistics=PostStatistics(likes=190, reposts=null, comments=7, views=null), media=[Image(url=https://img-9gag-fun.9cache.com/photo/a4P2ByQ_460s.jpg, aspectRatio=1.116504854368932)])
Post(id=a9y24eo, text=Let’s not forget this Legend, publishedAt=2025-05-17T00:03:31Z, statistics=PostStatistics(likes=90, reposts=null, comments=4, views=null), media=[Image(url=https://img-9gag-fun.9cache.com/photo/a9y24eo_460s.jpg, aspectRatio=1.2648809523809523)])
Post(id=aryq9Ly, text=Bad life choices #2, publishedAt=2025-05-16T15:16:06Z, statistics=PostStatistics(likes=5427, reposts=null, comments=137, views=null), media=[Video(url=https://img-9gag-fun.9cache.com/photo/aryq9Ly_460sv.mp4, aspectRatio=0.5, thumbnail=null, duration=PT52S)])
Post(id=azxRvDm, text=Angry sam., publishedAt=2025-05-16T23:12:26Z, statistics=PostStatistics(likes=238, reposts=null, comments=2, views=null), media=[Image(url=https://img-9gag-fun.9cache.com/photo/azxRvDm_460s.jpg, aspectRatio=0.8409506398537477)])
Post(id=aD2VqDO, text=Mmm..., publishedAt=2025-05-16T19:47:54Z, statistics=PostStatistics(likes=207, reposts=null, comments=20, views=null), media=[Image(url=https://img-9gag-fun.9cache.com/photo/aD2VqDO_460s.jpg, aspectRatio=1.0199556541019956)])
Post(id=agm4p1W, text=Mission accomplished team!, publishedAt=2025-05-16T20:45:19Z, statistics=PostStatistics(likes=358, reposts=null, comments=8, views=null), media=[Image(url=https://img-9gag-fun.9cache.com/photo/agm4p1W_460s.jpg, aspectRatio=0.8914728682170543)])
Post(id=a342eme, text=._., publishedAt=2025-05-16T15:56:59Z, statistics=PostStatistics(likes=2981, reposts=null, comments=53, views=null), media=[Image(url=https://img-9gag-fun.9cache.com/photo/a342eme_460s.jpg, aspectRatio=0.92)])
Post(id=aAy27VE, text=Family Business Be Like, publishedAt=2025-05-17T04:42:33Z, statistics=PostStatistics(likes=20, reposts=null, comments=1, views=null), media=[Image(url=https://img-9gag-fun.9cache.com/photo/aAy27VE_460s.jpg, aspectRatio=1.0087719298245614)])
Post(id=aYQqv9N, text=Insider Trading, publishedAt=2025-05-17T02:02:29Z, statistics=PostStatistics(likes=129, reposts=null, comments=2, views=null), media=[Image(url=https://img-9gag-fun.9cache.com/photo/aYQqv9N_460s.jpg, aspectRatio=0.9829059829059829)])
Post(id=a0e1GpZ, text=Is it only me, publishedAt=2025-05-17T05:44:27Z, statistics=PostStatistics(likes=19, reposts=null, comments=4, views=null), media=[Image(url=https://img-9gag-fun.9cache.com/photo/a0e1GpZ_460s.jpg, aspectRatio=0.7528641571194763)])
Post(id=an7E3Xz, text=On off relationship, publishedAt=2025-05-17T04:42:30Z, statistics=PostStatistics(likes=25, reposts=null, comments=0, views=null), media=[Image(url=https://img-9gag-fun.9cache.com/photo/an7E3Xz_460s.jpg, aspectRatio=1.0)])
Post(id=a1m28gw, text=Got to respect last wishes, publishedAt=2025-05-17T00:17:40Z, statistics=PostStatistics(likes=141, reposts=null, comments=5, views=null), media=[Image(url=https://img-9gag-fun.9cache.com/photo/a1m28gw_460s.jpg, aspectRatio=0.4878048780487805)])
Post(id=aZZj450, text=Cultured living, publishedAt=2025-05-17T00:28:59Z, statistics=PostStatistics(likes=57, reposts=null, comments=8, views=null), media=[Image(url=https://img-9gag-fun.9cache.com/photo/aZZj450_460s.jpg, aspectRatio=0.7419354838709677)])
Post(id=apRbzZ9, text=Lol., publishedAt=2025-05-16T15:24:57Z, statistics=PostStatistics(likes=3070, reposts=null, comments=41, views=null), media=[Image(url=https://img-9gag-fun.9cache.com/photo/apRbzZ9_460s.jpg, aspectRatio=0.9181636726546906)])
Post(id=aD2VqbN, text=Jesus Roach, publishedAt=2025-05-16T21:37:16Z, statistics=PostStatistics(likes=94, reposts=null, comments=7, views=null), media=[Image(url=https://img-9gag-fun.9cache.com/photo/aD2VqbN_460s.jpg, aspectRatio=0.688622754491018)])
Post(id=amoMOQj, text=Happens all the time, publishedAt=2025-05-17T00:23:27Z, statistics=PostStatistics(likes=13, reposts=null, comments=9, views=null), media=[Image(url=https://img-9gag-fun.9cache.com/photo/amoMOQj_460s.jpg, aspectRatio=1.554054054054054)])
Post(id=aW4bPRq, text=I noticed all 3 things at the same time., publishedAt=2025-05-16T13:10:20Z, statistics=PostStatistics(likes=2236, reposts=null, comments=182, views=null), media=[Image(url=https://img-9gag-fun.9cache.com/photo/aW4bPRq_460s.jpg, aspectRatio=0.7165109034267912)])
Post(id=avyRBQq, text=The dog wanna a treat, publishedAt=2025-05-16T20:04:30Z, statistics=PostStatistics(likes=188, reposts=null, comments=5, views=null), media=[Image(url=https://img-9gag-fun.9cache.com/photo/avyRBQq_460s.jpg, aspectRatio=1.5032679738562091)])
Post(id=ae9mq6W, text=Half man, half machine, half ling, publishedAt=2025-05-16T17:53:30Z, statistics=PostStatistics(likes=342, reposts=null, comments=12, views=null), media=[Image(url=https://img-9gag-fun.9cache.com/photo/ae9mq6W_460s.jpg, aspectRatio=1.373134328358209)])
Post(id=aAy2LKE, text=Ahhh the relief! 🤣😂, publishedAt=2025-05-16T21:04:15Z, statistics=PostStatistics(likes=67, reposts=null, comments=7, views=null), media=[Image(url=https://img-9gag-fun.9cache.com/photo/aAy2LKE_460s.jpg, aspectRatio=1.369047619047619)])
Post(id=a9y2erL, text=, publishedAt=2025-05-17T06:42:32Z, statistics=PostStatistics(likes=11, reposts=null, comments=1, views=null), media=[Image(url=https://img-9gag-fun.9cache.com/photo/a9y2erL_460s.jpg, aspectRatio=0.7431340872374798)])
Post(id=aByGjN1, text=, publishedAt=2025-05-16T13:51:45Z, statistics=PostStatistics(likes=2155, reposts=null, comments=143, views=null), media=[Image(url=https://img-9gag-fun.9cache.com/photo/aByGjN1_460s.jpg, aspectRatio=0.4166666666666667)])
Post(id=aQzZDz8, text=I SAID TURN RIGHT!! RIIIIGHT!!.. DUMBASS AIRPLANE!!!, publishedAt=2025-05-16T20:06:47Z, statistics=PostStatistics(likes=86, reposts=null, comments=2, views=null), media=[Image(url=https://img-9gag-fun.9cache.com/photo/aQzZDz8_460s.jpg, aspectRatio=0.7504078303425775)])
Post(id=aE0Djex, text=A piece of feces, publishedAt=2025-05-17T03:14:18Z, statistics=PostStatistics(likes=13, reposts=null, comments=1, views=null), media=[Image(url=https://img-9gag-fun.9cache.com/photo/aE0Djex_460s.jpg, aspectRatio=1.0176991150442478)])
Post(id=aGyAr35, text=Drumpf, publishedAt=2025-05-17T03:11:46Z, statistics=PostStatistics(likes=-6, reposts=null, comments=4, views=null), media=[Image(url=https://img-9gag-fun.9cache.com/photo/aGyAr35_460s.jpg, aspectRatio=0.8041958041958042)])
Post(id=aryq9dB, text=Lemons, publishedAt=2025-05-16T13:40:17Z, statistics=PostStatistics(likes=4886, reposts=null, comments=42, views=null), media=[Image(url=https://img-9gag-fun.9cache.com/photo/aryq9dB_460s.jpg, aspectRatio=0.5867346938775511)])
Post(id=axyReD1, text=Lap pillow, publishedAt=2025-05-16T17:49:46Z, statistics=PostStatistics(likes=137, reposts=null, comments=8, views=null), media=[Image(url=https://img-9gag-fun.9cache.com/photo/axyReD1_460s.jpg, aspectRatio=0.5892597968069666)])
Post(id=aoyLG7g, text=Please don't end too soon, publishedAt=2025-05-17T01:03:27Z, statistics=PostStatistics(likes=51, reposts=null, comments=1, views=null), media=[Image(url=https://img-9gag-fun.9cache.com/photo/aoyLG7g_460s.jpg, aspectRatio=0.7504078303425775)])
Post(id=aRBo95A, text=Could be worse?, publishedAt=2025-05-16T16:19:11Z, statistics=PostStatistics(likes=67, reposts=null, comments=32, views=null), media=[Image(url=https://img-9gag-fun.9cache.com/photo/aRBo95A_460s.jpg, aspectRatio=0.7504078303425775)])
Post(id=a9y2eLm, text=But the most unforgettable was the 69th…, publishedAt=2025-05-17T05:13:32Z, statistics=PostStatistics(likes=10, reposts=null, comments=2, views=null), media=[Image(url=https://img-9gag-fun.9cache.com/photo/a9y2eLm_460s.jpg, aspectRatio=1.3218390804597702)])
Post(id=a6Z2z7N, text=Noted....., publishedAt=2025-05-17T05:44:26Z, statistics=PostStatistics(likes=21, reposts=null, comments=0, views=null), media=[Image(url=https://img-9gag-fun.9cache.com/photo/a6Z2z7N_460s.jpg, aspectRatio=1.0043668122270741)])
Post(id=azxRvnx, text=Happens every time!, publishedAt=2025-05-17T02:03:28Z, statistics=PostStatistics(likes=11, reposts=null, comments=1, views=null), media=[Image(url=https://img-9gag-fun.9cache.com/photo/azxRvnx_460s.jpg, aspectRatio=1.010989010989011)])
Post(id=a4P2BOA, text=Real questions need to be asked., publishedAt=2025-05-17T01:23:24Z, statistics=PostStatistics(likes=11, reposts=null, comments=8, views=null), media=[Image(url=https://img-9gag-fun.9cache.com/photo/a4P2BOA_460s.jpg, aspectRatio=1.0)])
Post(id=aGyArDn, text=Save our frogs lol, publishedAt=2025-05-16T17:52:08Z, statistics=PostStatistics(likes=95, reposts=null, comments=7, views=null), media=[Video(url=https://img-9gag-fun.9cache.com/photo/aGyArDn_460sv.mp4, aspectRatio=0.5637254901960784, thumbnail=null, duration=PT32S)])
Post(id=ayNRAdX, text=It's so satisfying, publishedAt=2025-05-17T05:43:22Z, statistics=PostStatistics(likes=3, reposts=null, comments=1, views=null), media=[Image(url=https://img-9gag-fun.9cache.com/photo/ayNRAdX_460s.jpg, aspectRatio=0.8)])
Post(id=avyRVp5, text=No kids on 9gag!, publishedAt=2025-05-17T03:59:30Z, statistics=PostStatistics(likes=12, reposts=null, comments=5, views=null), media=[Image(url=https://img-9gag-fun.9cache.com/photo/avyRVp5_460s.jpg, aspectRatio=0.0859331216140482)])
Post(id=a872vBV, text=UPS deliveries anyone?, publishedAt=2025-05-17T02:32:27Z, statistics=PostStatistics(likes=29, reposts=null, comments=2, views=null), media=[Image(url=https://img-9gag-fun.9cache.com/photo/a872vBV_460s.jpg, aspectRatio=1.377245508982036)])
Post(id=a0e1GbO, text=Can start studying at these odds hours, publishedAt=2025-05-17T06:53:30Z, statistics=PostStatistics(likes=8, reposts=null, comments=0, views=null), media=[Image(url=https://img-9gag-fun.9cache.com/photo/a0e1GbO_460s.jpg, aspectRatio=0.8378870673952641)])
Post(id=a0e1GYL, text=Interested, publishedAt=2025-05-17T05:23:13Z, statistics=PostStatistics(likes=4, reposts=null, comments=1, views=null), media=[Image(url=https://img-9gag-fun.9cache.com/photo/a0e1GYL_460s.jpg, aspectRatio=0.6284153005464481)])
Post(id=a872QKO, text=Lol, publishedAt=2025-05-16T13:03:15Z, statistics=PostStatistics(likes=662, reposts=null, comments=27, views=null), media=[Image(url=https://img-9gag-fun.9cache.com/photo/a872QKO_460s.jpg, aspectRatio=0.9935205183585313)])
Post(id=a2v2AXe, text=Mom’s Spaghetti, publishedAt=2025-05-17T01:11:25Z, statistics=PostStatistics(likes=20, reposts=null, comments=4, views=null), media=[Image(url=https://img-9gag-fun.9cache.com/photo/a2v2AXe_460s.jpg, aspectRatio=0.7012195121951219)])
Post(id=aryq01y, text=Is the internet cooked?, publishedAt=2025-05-17T03:33:14Z, statistics=PostStatistics(likes=14, reposts=null, comments=2, views=null), media=[Image(url=https://img-9gag-fun.9cache.com/photo/aryq01y_460s.jpg, aspectRatio=0.7718120805369127)])
Post(id=a342zq1, text=Happy Friday, Force-users! Enjoy a cold one for me today like Luke did before he blew up the Death Star, publishedAt=2025-05-16T18:22:25Z, statistics=PostStatistics(likes=127, reposts=null, comments=7, views=null), media=[Video(url=https://img-9gag-fun.9cache.com/photo/a342zq1_460sv.mp4, aspectRatio=1.144278606965174, thumbnail=null, duration=PT5S)])
Post(id=an7E8OV, text=Shin-chan is an awesome series, publishedAt=2025-05-16T11:02:17Z, statistics=PostStatistics(likes=1724, reposts=null, comments=38, views=null), media=[Image(url=https://img-9gag-fun.9cache.com/photo/an7E8OV_460s.jpg, aspectRatio=1.329479768786127)])